type Dynamic(
    [
        Binder(
            Trait(
                std::fmt::Debug,
            ),
            [],
        ),
    ],
    ReErased,
    Dyn,
) not yet handled
type Dynamic(
    [
        Binder(
            Trait(
                std::fmt::Debug,
            ),
            [],
        ),
    ],
    ReErased,
    Dyn,
) not yet handled
type Dynamic(
    [
        Binder(
            Trait(
                std::fmt::Debug,
            ),
            [],
        ),
    ],
    ReErased,
    Dyn,
) not yet handled
type Closure(
    DefId(0:85 ~ multisig[5143]::{impl#2}::invoke_transaction::{closure#0}),
    [
        i32,
        extern "rust-call" fn(((),)) -> std::option::Option<std::vec::Vec<u8>>,
        (),
    ],
) not yet handled
type Closure(
    DefId(0:85 ~ multisig[5143]::{impl#2}::invoke_transaction::{closure#0}),
    [
        i32,
        extern "rust-call" fn(((),)) -> std::option::Option<std::vec::Vec<u8>>,
        (),
    ],
) not yet handled
type Closure(
    DefId(0:85 ~ multisig[5143]::{impl#2}::invoke_transaction::{closure#0}),
    [
        i32,
        extern "rust-call" fn(((),)) -> std::option::Option<std::vec::Vec<u8>>,
        (),
    ],
) not yet handled
type Closure(
    DefId(0:89 ~ multisig[5143]::{impl#2}::owner_index::{closure#0}),
    [
        i16,
        extern "rust-call" fn((&AccountId,)) -> bool,
        (&&AccountId,),
    ],
) not yet handled
type Closure(
    DefId(0:89 ~ multisig[5143]::{impl#2}::owner_index::{closure#0}),
    [
        i16,
        extern "rust-call" fn((&AccountId,)) -> bool,
        (&&AccountId,),
    ],
) not yet handled
type Closure(
    DefId(0:89 ~ multisig[5143]::{impl#2}::owner_index::{closure#0}),
    [
        i16,
        extern "rust-call" fn((&AccountId,)) -> bool,
        (&&AccountId,),
    ],
) not yet handled
type Closure(
    DefId(0:91 ~ multisig[5143]::{impl#2}::take_transaction::{closure#0}),
    [
        i16,
        extern "rust-call" fn((&u32,)) -> bool,
        (&u32,),
    ],
) not yet handled
type Closure(
    DefId(0:91 ~ multisig[5143]::{impl#2}::take_transaction::{closure#0}),
    [
        i16,
        extern "rust-call" fn((&u32,)) -> bool,
        (&u32,),
    ],
) not yet handled
type Closure(
    DefId(0:91 ~ multisig[5143]::{impl#2}::take_transaction::{closure#0}),
    [
        i16,
        extern "rust-call" fn((&u32,)) -> bool,
        (&u32,),
    ],
) not yet handled
