type Closure(
    DefId(0:42 ~ payment_channel[66d2]::{impl#2}::close_inner::{closure#0}),
    [
        i32,
        extern "rust-call" fn((Error,)) -> Error,
        (),
    ],
) not yet handled
type Closure(
    DefId(0:42 ~ payment_channel[66d2]::{impl#2}::close_inner::{closure#0}),
    [
        i32,
        extern "rust-call" fn((Error,)) -> Error,
        (),
    ],
) not yet handled
type Closure(
    DefId(0:42 ~ payment_channel[66d2]::{impl#2}::close_inner::{closure#0}),
    [
        i32,
        extern "rust-call" fn((Error,)) -> Error,
        (),
    ],
) not yet handled
type Closure(
    DefId(0:47 ~ payment_channel[66d2]::{impl#2}::withdraw::{closure#0}),
    [
        i32,
        extern "rust-call" fn((Error,)) -> Error,
        (),
    ],
) not yet handled
type Closure(
    DefId(0:47 ~ payment_channel[66d2]::{impl#2}::withdraw::{closure#0}),
    [
        i32,
        extern "rust-call" fn((Error,)) -> Error,
        (),
    ],
) not yet handled
type Closure(
    DefId(0:47 ~ payment_channel[66d2]::{impl#2}::withdraw::{closure#0}),
    [
        i32,
        extern "rust-call" fn((Error,)) -> Error,
        (),
    ],
) not yet handled
type Closure(
    DefId(0:93 ~ payment_channel[66d2]::{impl#11}::is_signature_valid::{closure#0}),
    [
        i32,
        extern "rust-call" fn((Error,)),
        (),
    ],
) not yet handled
type Closure(
    DefId(0:93 ~ payment_channel[66d2]::{impl#11}::is_signature_valid::{closure#0}),
    [
        i32,
        extern "rust-call" fn((Error,)),
        (),
    ],
) not yet handled
type Closure(
    DefId(0:93 ~ payment_channel[66d2]::{impl#11}::is_signature_valid::{closure#0}),
    [
        i32,
        extern "rust-call" fn((Error,)),
        (),
    ],
) not yet handled
