type Alias(
    Projection,
    AliasTy {
        args: [
        C/#0,
        ],
        def_id: DefId(0:8 ~ generics_associated_types_solution[abe1]::Contains::A),
    },
) not yet handled
type Alias(
    Projection,
    AliasTy {
        args: [
        C/#0,
        ],
        def_id: DefId(0:8 ~ generics_associated_types_solution[abe1]::Contains::A),
    },
) not yet handled
type Alias(
    Projection,
    AliasTy {
        args: [
        C/#0,
        ],
        def_id: DefId(0:8 ~ generics_associated_types_solution[abe1]::Contains::A),
    },
) not yet handled
type Alias(
    Projection,
    AliasTy {
        args: [
        C/#0,
        ],
        def_id: DefId(0:8 ~ generics_associated_types_solution[abe1]::Contains::A),
    },
) not yet handled
type Alias(
    Projection,
    AliasTy {
        args: [
        C/#0,
        ],
        def_id: DefId(0:8 ~ generics_associated_types_solution[abe1]::Contains::A),
    },
) not yet handled
type Alias(
    Projection,
    AliasTy {
        args: [
        C/#0,
        ],
        def_id: DefId(0:8 ~ generics_associated_types_solution[abe1]::Contains::A),
    },
) not yet handled
