type Closure(
    DefId(0:7 ~ aliases_for_result[8821]::multiply::{closure#0}),
    [
        i32,
        extern "rust-call" fn((i32,)) -> std::result::Result<i32, std::num::ParseIntError>,
        (&&str,),
    ],
) not yet handled
type Closure(
    DefId(0:7 ~ aliases_for_result[8821]::multiply::{closure#0}),
    [
        i32,
        extern "rust-call" fn((i32,)) -> std::result::Result<i32, std::num::ParseIntError>,
        (&&str,),
    ],
) not yet handled
type Closure(
    DefId(0:8 ~ aliases_for_result[8821]::multiply::{closure#0}::{closure#0}),
    [
        i32,
        extern "rust-call" fn((i32,)) -> i32,
        (&i32,),
    ],
) not yet handled
type Closure(
    DefId(0:8 ~ aliases_for_result[8821]::multiply::{closure#0}::{closure#0}),
    [
        i32,
        extern "rust-call" fn((i32,)) -> i32,
        (&i32,),
    ],
) not yet handled
type Closure(
    DefId(0:8 ~ aliases_for_result[8821]::multiply::{closure#0}::{closure#0}),
    [
        i32,
        extern "rust-call" fn((i32,)) -> i32,
        (&i32,),
    ],
) not yet handled
type Closure(
    DefId(0:7 ~ aliases_for_result[8821]::multiply::{closure#0}),
    [
        i32,
        extern "rust-call" fn((i32,)) -> std::result::Result<i32, std::num::ParseIntError>,
        (&&str,),
    ],
) not yet handled
