type Dynamic(
    [
        Binder(
            Trait(
                std::fmt::Debug,
            ),
            [],
        ),
    ],
    ReErased,
    Dyn,
) not yet handled
type Dynamic(
    [
        Binder(
            Trait(
                std::fmt::Debug,
            ),
            [],
        ),
    ],
    ReErased,
    Dyn,
) not yet handled
type Dynamic(
    [
        Binder(
            Trait(
                std::fmt::Debug,
            ),
            [],
        ),
    ],
    ReErased,
    Dyn,
) not yet handled
type Closure(
    DefId(0:6 ~ combinators_map[1713]::cook::{closure#0}),
    [
        i32,
        extern "rust-call" fn((Chopped,)) -> Cooked,
        (),
    ],
) not yet handled
type Closure(
    DefId(0:8 ~ combinators_map[1713]::process::{closure#0}),
    [
        i32,
        extern "rust-call" fn((Food,)) -> Peeled,
        (),
    ],
) not yet handled
type Closure(
    DefId(0:9 ~ combinators_map[1713]::process::{closure#1}),
    [
        i32,
        extern "rust-call" fn((Peeled,)) -> Chopped,
        (),
    ],
) not yet handled
type Closure(
    DefId(0:10 ~ combinators_map[1713]::process::{closure#2}),
    [
        i32,
        extern "rust-call" fn((Chopped,)) -> Cooked,
        (),
    ],
) not yet handled
