type Closure(
    DefId(0:9 ~ defining_an_error_type[099f]::double_first::{closure#0}),
    [
        i32,
        extern "rust-call" fn((&&str,)) -> std::result::Result<i32, DoubleError>,
        (),
    ],
) not yet handled
type Closure(
    DefId(0:9 ~ defining_an_error_type[099f]::double_first::{closure#0}),
    [
        i32,
        extern "rust-call" fn((&&str,)) -> std::result::Result<i32, DoubleError>,
        (),
    ],
) not yet handled
type Closure(
    DefId(0:10 ~ defining_an_error_type[099f]::double_first::{closure#0}::{closure#0}),
    [
        i32,
        extern "rust-call" fn((std::num::ParseIntError,)) -> DoubleError,
        (),
    ],
) not yet handled
type Closure(
    DefId(0:10 ~ defining_an_error_type[099f]::double_first::{closure#0}::{closure#0}),
    [
        i32,
        extern "rust-call" fn((std::num::ParseIntError,)) -> DoubleError,
        (),
    ],
) not yet handled
type Closure(
    DefId(0:10 ~ defining_an_error_type[099f]::double_first::{closure#0}::{closure#0}),
    [
        i32,
        extern "rust-call" fn((std::num::ParseIntError,)) -> DoubleError,
        (),
    ],
) not yet handled
type Closure(
    DefId(0:11 ~ defining_an_error_type[099f]::double_first::{closure#0}::{closure#1}),
    [
        i32,
        extern "rust-call" fn((i32,)) -> i32,
        (),
    ],
) not yet handled
type Closure(
    DefId(0:11 ~ defining_an_error_type[099f]::double_first::{closure#0}::{closure#1}),
    [
        i32,
        extern "rust-call" fn((i32,)) -> i32,
        (),
    ],
) not yet handled
type Closure(
    DefId(0:11 ~ defining_an_error_type[099f]::double_first::{closure#0}::{closure#1}),
    [
        i32,
        extern "rust-call" fn((i32,)) -> i32,
        (),
    ],
) not yet handled
type Closure(
    DefId(0:9 ~ defining_an_error_type[099f]::double_first::{closure#0}),
    [
        i32,
        extern "rust-call" fn((&&str,)) -> std::result::Result<i32, DoubleError>,
        (),
    ],
) not yet handled
