type Closure(
    DefId(0:4 ~ iterating_over_results_handle_via_filter_map[1978]::main::{closure#0}),
    [
        i16,
        extern "rust-call" fn((&str,)) -> std::option::Option<i32>,
        (),
    ],
) not yet handled
type Closure(
    DefId(0:4 ~ iterating_over_results_handle_via_filter_map[1978]::main::{closure#0}),
    [
        i16,
        extern "rust-call" fn((&str,)) -> std::option::Option<i32>,
        (),
    ],
) not yet handled
type Closure(
    DefId(0:4 ~ iterating_over_results_handle_via_filter_map[1978]::main::{closure#0}),
    [
        i16,
        extern "rust-call" fn((&str,)) -> std::option::Option<i32>,
        (),
    ],
) not yet handled
