type Closure(
    DefId(0:4 ~ iterating_over_results_failed[2369]::main::{closure#0}),
    [
        i16,
        extern "rust-call" fn((&str,)) -> std::result::Result<i32, std::num::ParseIntError>,
        (),
    ],
) not yet handled
type Closure(
    DefId(0:4 ~ iterating_over_results_failed[2369]::main::{closure#0}),
    [
        i16,
        extern "rust-call" fn((&str,)) -> std::result::Result<i32, std::num::ParseIntError>,
        (),
    ],
) not yet handled
type Closure(
    DefId(0:4 ~ iterating_over_results_failed[2369]::main::{closure#0}),
    [
        i16,
        extern "rust-call" fn((&str,)) -> std::result::Result<i32, std::num::ParseIntError>,
        (),
    ],
) not yet handled
type Closure(
    DefId(0:4 ~ iterating_over_results_failed[2369]::main::{closure#0}),
    [
        i16,
        extern "rust-call" fn((&str,)) -> std::result::Result<i32, std::num::ParseIntError>,
        (),
    ],
) not yet handled
type Closure(
    DefId(0:4 ~ iterating_over_results_failed[2369]::main::{closure#0}),
    [
        i16,
        extern "rust-call" fn((&str,)) -> std::result::Result<i32, std::num::ParseIntError>,
        (),
    ],
) not yet handled
type Closure(
    DefId(0:4 ~ iterating_over_results_failed[2369]::main::{closure#0}),
    [
        i16,
        extern "rust-call" fn((&str,)) -> std::result::Result<i32, std::num::ParseIntError>,
        (),
    ],
) not yet handled
type Closure(
    DefId(0:4 ~ iterating_over_results_failed[2369]::main::{closure#0}),
    [
        i16,
        extern "rust-call" fn((&str,)) -> std::result::Result<i32, std::num::ParseIntError>,
        (),
    ],
) not yet handled
