warning: Constants in patterns are not yet supported.
 --> examples/flow_of_control/match_destructuring_tuples_fixed.rs:9:10
  |
9 |         (0, y, z) => println!("First is `0`, `y` is {:?}, and `z` is {:?}", y, z),
  |          ^

warning: Constants in patterns are not yet supported.
  --> examples/flow_of_control/match_destructuring_tuples_fixed.rs:10:10
   |
10 |         (1, _, _) => println!("First is `1` and the rest doesn't matter"),
   |          ^

warning: Constants in patterns are not yet supported.
  --> examples/flow_of_control/match_destructuring_tuples_fixed.rs:11:14
   |
11 |         (.., 2) => println!("last is `2` and the rest doesn't matter"),
   |              ^

warning: Constants in patterns are not yet supported.
  --> examples/flow_of_control/match_destructuring_tuples_fixed.rs:12:10
   |
12 |         (3, _, 4) => println!("First is `3`, last is `4`, and the rest doesn't matter"),
   |          ^

warning: Constants in patterns are not yet supported.
  --> examples/flow_of_control/match_destructuring_tuples_fixed.rs:12:16
   |
12 |         (3, _, 4) => println!("First is `3`, last is `4`, and the rest doesn't matter"),
   |                ^

warning: 5 warnings emitted

