type Dynamic(
    [
        Binder(
            Trait(
                std::any::Any,
            ),
            [],
        ),
        Binder(
            AutoTrait(
                DefId(2:2672 ~ core[af2a]::marker::Send),
            ),
            [],
        ),
    ],
    ReErased,
    Dyn,
) not yet handled
type Dynamic(
    [
        Binder(
            Trait(
                std::any::Any,
            ),
            [],
        ),
        Binder(
            AutoTrait(
                DefId(2:2672 ~ core[af2a]::marker::Send),
            ),
            [],
        ),
    ],
    ReErased,
    Dyn,
) not yet handled
type Dynamic(
    [
        Binder(
            Trait(
                std::any::Any,
            ),
            [],
        ),
        Binder(
            AutoTrait(
                DefId(2:2672 ~ core[af2a]::marker::Send),
            ),
            [],
        ),
    ],
    ReErased,
    Dyn,
) not yet handled
type Dynamic(
    [
        Binder(
            Trait(
                std::any::Any,
            ),
            [],
        ),
        Binder(
            AutoTrait(
                DefId(2:2672 ~ core[af2a]::marker::Send),
            ),
            [],
        ),
    ],
    ReErased,
    Dyn,
) not yet handled
type Closure(
    DefId(0:10 ~ channels[d706]::main::{closure#0}),
    [
        i32,
        extern "rust-call" fn(()),
        (std::sync::mpsc::Sender<i32>, i32),
    ],
) not yet handled
type Closure(
    DefId(0:10 ~ channels[d706]::main::{closure#0}),
    [
        i32,
        extern "rust-call" fn(()),
        (std::sync::mpsc::Sender<i32>, i32),
    ],
) not yet handled
type Closure(
    DefId(0:10 ~ channels[d706]::main::{closure#0}),
    [
        i32,
        extern "rust-call" fn(()),
        (std::sync::mpsc::Sender<i32>, i32),
    ],
) not yet handled
