type Closure(
    DefId(0:20 ~ filesystem_operations[8bb4]::main::{closure#5}),
    [
        i32,
        extern "rust-call" fn((std::io::Error,)),
        (),
    ],
) not yet handled
type Closure(
    DefId(0:19 ~ filesystem_operations[8bb4]::main::{closure#4}),
    [
        i32,
        extern "rust-call" fn((std::io::Error,)),
        (),
    ],
) not yet handled
type Closure(
    DefId(0:18 ~ filesystem_operations[8bb4]::main::{closure#3}),
    [
        i32,
        extern "rust-call" fn((std::io::Error,)),
        (),
    ],
) not yet handled
type Closure(
    DefId(0:17 ~ filesystem_operations[8bb4]::main::{closure#2}),
    [
        i32,
        extern "rust-call" fn((std::io::Error,)),
        (),
    ],
) not yet handled
type Closure(
    DefId(0:16 ~ filesystem_operations[8bb4]::main::{closure#1}),
    [
        i32,
        extern "rust-call" fn((std::io::Error,)),
        (),
    ],
) not yet handled
type Closure(
    DefId(0:15 ~ filesystem_operations[8bb4]::main::{closure#0}),
    [
        i32,
        extern "rust-call" fn((std::io::Error,)),
        (),
    ],
) not yet handled
