type Dynamic(
    [
        Binder(
            Trait(
                std::any::Any,
            ),
            [],
        ),
        Binder(
            AutoTrait(
                DefId(2:2672 ~ core[af2a]::marker::Send),
            ),
            [],
        ),
    ],
    ReErased,
    Dyn,
) not yet handled
type Dynamic(
    [
        Binder(
            Trait(
                std::any::Any,
            ),
            [],
        ),
        Binder(
            AutoTrait(
                DefId(2:2672 ~ core[af2a]::marker::Send),
            ),
            [],
        ),
    ],
    ReErased,
    Dyn,
) not yet handled
type Dynamic(
    [
        Binder(
            Trait(
                std::any::Any,
            ),
            [],
        ),
        Binder(
            AutoTrait(
                DefId(2:2672 ~ core[af2a]::marker::Send),
            ),
            [],
        ),
    ],
    ReErased,
    Dyn,
) not yet handled
type Closure(
    DefId(0:6 ~ threads[dfc1]::main::{closure#0}),
    [
        i32,
        extern "rust-call" fn(()),
        (u32,),
    ],
) not yet handled
type Closure(
    DefId(0:6 ~ threads[dfc1]::main::{closure#0}),
    [
        i32,
        extern "rust-call" fn(()),
        (u32,),
    ],
) not yet handled
type Closure(
    DefId(0:6 ~ threads[dfc1]::main::{closure#0}),
    [
        i32,
        extern "rust-call" fn(()),
        (u32,),
    ],
) not yet handled
