type Closure(
    DefId(0:10 ~ functions_closures_as_input_parameters[46fc]::main::{closure#1}),
    [
        i8,
        extern "rust-call" fn((i32,)) -> i32,
        (),
    ],
) not yet handled
type Closure(
    DefId(0:10 ~ functions_closures_as_input_parameters[46fc]::main::{closure#1}),
    [
        i8,
        extern "rust-call" fn((i32,)) -> i32,
        (),
    ],
) not yet handled
type Closure(
    DefId(0:10 ~ functions_closures_as_input_parameters[46fc]::main::{closure#1}),
    [
        i8,
        extern "rust-call" fn((i32,)) -> i32,
        (),
    ],
) not yet handled
type Closure(
    DefId(0:10 ~ functions_closures_as_input_parameters[46fc]::main::{closure#1}),
    [
        i8,
        extern "rust-call" fn((i32,)) -> i32,
        (),
    ],
) not yet handled
type Closure(
    DefId(0:10 ~ functions_closures_as_input_parameters[46fc]::main::{closure#1}),
    [
        i8,
        extern "rust-call" fn((i32,)) -> i32,
        (),
    ],
) not yet handled
type Closure(
    DefId(0:10 ~ functions_closures_as_input_parameters[46fc]::main::{closure#1}),
    [
        i8,
        extern "rust-call" fn((i32,)) -> i32,
        (),
    ],
) not yet handled
type Closure(
    DefId(0:9 ~ functions_closures_as_input_parameters[46fc]::main::{closure#0}),
    [
        i32,
        extern "rust-call" fn(()),
        (&&str, std::string::String),
    ],
) not yet handled
type Closure(
    DefId(0:9 ~ functions_closures_as_input_parameters[46fc]::main::{closure#0}),
    [
        i32,
        extern "rust-call" fn(()),
        (&&str, std::string::String),
    ],
) not yet handled
type Closure(
    DefId(0:9 ~ functions_closures_as_input_parameters[46fc]::main::{closure#0}),
    [
        i32,
        extern "rust-call" fn(()),
        (&&str, std::string::String),
    ],
) not yet handled
type Closure(
    DefId(0:9 ~ functions_closures_as_input_parameters[46fc]::main::{closure#0}),
    [
        i32,
        extern "rust-call" fn(()),
        (&&str, std::string::String),
    ],
) not yet handled
type Closure(
    DefId(0:9 ~ functions_closures_as_input_parameters[46fc]::main::{closure#0}),
    [
        i32,
        extern "rust-call" fn(()),
        (&&str, std::string::String),
    ],
) not yet handled
type Closure(
    DefId(0:9 ~ functions_closures_as_input_parameters[46fc]::main::{closure#0}),
    [
        i32,
        extern "rust-call" fn(()),
        (&&str, std::string::String),
    ],
) not yet handled
