type Alias(
    Opaque,
    AliasTy {
        args: [
        ],
        def_id: DefId(0:10 ~ impl_trait_as_return_type[661e]::combine_vecs::{opaque#0}),
    },
) not yet handled
type Alias(
    Opaque,
    AliasTy {
        args: [
        ],
        def_id: DefId(0:10 ~ impl_trait_as_return_type[661e]::combine_vecs::{opaque#0}),
    },
) not yet handled
type Alias(
    Opaque,
    AliasTy {
        args: [
        ],
        def_id: DefId(0:10 ~ impl_trait_as_return_type[661e]::combine_vecs::{opaque#0}),
    },
) not yet handled
type Alias(
    Opaque,
    AliasTy {
        args: [
        ],
        def_id: DefId(0:10 ~ impl_trait_as_return_type[661e]::combine_vecs::{opaque#0}),
    },
) not yet handled
type Alias(
    Opaque,
    AliasTy {
        args: [
        ],
        def_id: DefId(0:10 ~ impl_trait_as_return_type[661e]::combine_vecs::{opaque#0}),
    },
) not yet handled
type Alias(
    Opaque,
    AliasTy {
        args: [
        ],
        def_id: DefId(0:10 ~ impl_trait_as_return_type[661e]::combine_vecs::{opaque#0}),
    },
) not yet handled
type Alias(
    Opaque,
    AliasTy {
        args: [
        ],
        def_id: DefId(0:10 ~ impl_trait_as_return_type[661e]::combine_vecs::{opaque#0}),
    },
) not yet handled
type Alias(
    Opaque,
    AliasTy {
        args: [
        ],
        def_id: DefId(0:10 ~ impl_trait_as_return_type[661e]::combine_vecs::{opaque#0}),
    },
) not yet handled
type Alias(
    Opaque,
    AliasTy {
        args: [
        ],
        def_id: DefId(0:10 ~ impl_trait_as_return_type[661e]::combine_vecs::{opaque#0}),
    },
) not yet handled
type Alias(
    Opaque,
    AliasTy {
        args: [
        ],
        def_id: DefId(0:10 ~ impl_trait_as_return_type[661e]::combine_vecs::{opaque#0}),
    },
) not yet handled
type Alias(
    Opaque,
    AliasTy {
        args: [
        ],
        def_id: DefId(0:10 ~ impl_trait_as_return_type[661e]::combine_vecs::{opaque#0}),
    },
) not yet handled
type Alias(
    Opaque,
    AliasTy {
        args: [
        ],
        def_id: DefId(0:10 ~ impl_trait_as_return_type[661e]::combine_vecs::{opaque#0}),
    },
) not yet handled
type Alias(
    Opaque,
    AliasTy {
        args: [
        ],
        def_id: DefId(0:10 ~ impl_trait_as_return_type[661e]::combine_vecs::{opaque#0}),
    },
) not yet handled
type Alias(
    Opaque,
    AliasTy {
        args: [
        ],
        def_id: DefId(0:10 ~ impl_trait_as_return_type[661e]::combine_vecs::{opaque#0}),
    },
) not yet handled
type Alias(
    Opaque,
    AliasTy {
        args: [
        ],
        def_id: DefId(0:10 ~ impl_trait_as_return_type[661e]::combine_vecs::{opaque#0}),
    },
) not yet handled
type Alias(
    Opaque,
    AliasTy {
        args: [
        ],
        def_id: DefId(0:10 ~ impl_trait_as_return_type[661e]::combine_vecs::{opaque#0}),
    },
) not yet handled
type Alias(
    Opaque,
    AliasTy {
        args: [
        ],
        def_id: DefId(0:10 ~ impl_trait_as_return_type[661e]::combine_vecs::{opaque#0}),
    },
) not yet handled
type Alias(
    Opaque,
    AliasTy {
        args: [
        ],
        def_id: DefId(0:10 ~ impl_trait_as_return_type[661e]::combine_vecs::{opaque#0}),
    },
) not yet handled
type Alias(
    Opaque,
    AliasTy {
        args: [
        ],
        def_id: DefId(0:10 ~ impl_trait_as_return_type[661e]::combine_vecs::{opaque#0}),
    },
) not yet handled
type Alias(
    Opaque,
    AliasTy {
        args: [
        ],
        def_id: DefId(0:10 ~ impl_trait_as_return_type[661e]::combine_vecs::{opaque#0}),
    },
) not yet handled
type Alias(
    Opaque,
    AliasTy {
        args: [
        ],
        def_id: DefId(0:10 ~ impl_trait_as_return_type[661e]::combine_vecs::{opaque#0}),
    },
) not yet handled
type Alias(
    Opaque,
    AliasTy {
        args: [
        ],
        def_id: DefId(0:10 ~ impl_trait_as_return_type[661e]::combine_vecs::{opaque#0}),
    },
) not yet handled
type Alias(
    Opaque,
    AliasTy {
        args: [
        ],
        def_id: DefId(0:10 ~ impl_trait_as_return_type[661e]::combine_vecs::{opaque#0}),
    },
) not yet handled
type Alias(
    Opaque,
    AliasTy {
        args: [
        ],
        def_id: DefId(0:10 ~ impl_trait_as_return_type[661e]::combine_vecs::{opaque#0}),
    },
) not yet handled
type Alias(
    Opaque,
    AliasTy {
        args: [
        ],
        def_id: DefId(0:10 ~ impl_trait_as_return_type[661e]::combine_vecs::{opaque#0}),
    },
) not yet handled
type Alias(
    Opaque,
    AliasTy {
        args: [
        ],
        def_id: DefId(0:10 ~ impl_trait_as_return_type[661e]::combine_vecs::{opaque#0}),
    },
) not yet handled
type Alias(
    Opaque,
    AliasTy {
        args: [
        ],
        def_id: DefId(0:10 ~ impl_trait_as_return_type[661e]::combine_vecs::{opaque#0}),
    },
) not yet handled
type Alias(
    Opaque,
    AliasTy {
        args: [
        ],
        def_id: DefId(0:10 ~ impl_trait_as_return_type[661e]::combine_vecs::{opaque#0}),
    },
) not yet handled
type Alias(
    Opaque,
    AliasTy {
        args: [
        ],
        def_id: DefId(0:10 ~ impl_trait_as_return_type[661e]::combine_vecs::{opaque#0}),
    },
) not yet handled
type Alias(
    Opaque,
    AliasTy {
        args: [
        ],
        def_id: DefId(0:10 ~ impl_trait_as_return_type[661e]::combine_vecs::{opaque#0}),
    },
) not yet handled
type Alias(
    Opaque,
    AliasTy {
        args: [
        ],
        def_id: DefId(0:10 ~ impl_trait_as_return_type[661e]::combine_vecs::{opaque#0}),
    },
) not yet handled
type Alias(
    Opaque,
    AliasTy {
        args: [
        ],
        def_id: DefId(0:10 ~ impl_trait_as_return_type[661e]::combine_vecs::{opaque#0}),
    },
) not yet handled
type Alias(
    Opaque,
    AliasTy {
        args: [
        ],
        def_id: DefId(0:10 ~ impl_trait_as_return_type[661e]::combine_vecs::{opaque#0}),
    },
) not yet handled
