type Dynamic(
    [
        Binder(
            Trait(
                Animal,
            ),
            [],
        ),
    ],
    ReErased,
    Dyn,
) not yet handled
type Dynamic(
    [
        Binder(
            Trait(
                Animal,
            ),
            [],
        ),
    ],
    ReErased,
    Dyn,
) not yet handled
type Dynamic(
    [
        Binder(
            Trait(
                Animal,
            ),
            [],
        ),
    ],
    ReErased,
    Dyn,
) not yet handled
type Dynamic(
    [
        Binder(
            Trait(
                Animal,
            ),
            [],
        ),
    ],
    ReErased,
    Dyn,
) not yet handled
type Dynamic(
    [
        Binder(
            Trait(
                Animal,
            ),
            [],
        ),
    ],
    ReErased,
    Dyn,
) not yet handled
type Dynamic(
    [
        Binder(
            Trait(
                Animal,
            ),
            [],
        ),
    ],
    ReErased,
    Dyn,
) not yet handled
type Dynamic(
    [
        Binder(
            Trait(
                Animal,
            ),
            [],
        ),
    ],
    ReErased,
    Dyn,
) not yet handled
type Dynamic(
    [
        Binder(
            Trait(
                Animal,
            ),
            [],
        ),
    ],
    ReErased,
    Dyn,
) not yet handled
type Dynamic(
    [
        Binder(
            Trait(
                Animal,
            ),
            [],
        ),
    ],
    ReErased,
    Dyn,
) not yet handled
type Dynamic(
    [
        Binder(
            Trait(
                Animal,
            ),
            [],
        ),
    ],
    ReErased,
    Dyn,
) not yet handled
type Dynamic(
    [
        Binder(
            Trait(
                Animal,
            ),
            [],
        ),
    ],
    ReErased,
    Dyn,
) not yet handled
type Dynamic(
    [
        Binder(
            Trait(
                Animal,
            ),
            [],
        ),
    ],
    ReErased,
    Dyn,
) not yet handled
type Dynamic(
    [
        Binder(
            Trait(
                Animal,
            ),
            [],
        ),
    ],
    ReErased,
    Dyn,
) not yet handled
type Dynamic(
    [
        Binder(
            Trait(
                Animal,
            ),
            [],
        ),
    ],
    ReErased,
    Dyn,
) not yet handled
