type Closure(
    DefId(0:7 ~ functions_closures_example_searching_through_iterators_Iterator_find[b5fa]::main::{closure#3}),
    [
        i16,
        for<'a> extern "rust-call" fn((&'a &i32,)) -> bool,
        (),
    ],
) not yet handled
type Closure(
    DefId(0:6 ~ functions_closures_example_searching_through_iterators_Iterator_find[b5fa]::main::{closure#2}),
    [
        i16,
        for<'a> extern "rust-call" fn((&'a &i32,)) -> bool,
        (),
    ],
) not yet handled
type Closure(
    DefId(0:5 ~ functions_closures_example_searching_through_iterators_Iterator_find[b5fa]::main::{closure#1}),
    [
        i16,
        for<'a> extern "rust-call" fn((&'a i32,)) -> bool,
        (),
    ],
) not yet handled
type Closure(
    DefId(0:4 ~ functions_closures_example_searching_through_iterators_Iterator_find[b5fa]::main::{closure#0}),
    [
        i16,
        for<'a> extern "rust-call" fn((&'a &i32,)) -> bool,
        (),
    ],
) not yet handled
